2023-10-27 21:48:44,603 - __main__ - INFO - labels:[0 0 0 ... 0 0 0]
2023-10-27 21:48:44,610 - __main__ - INFO - pairwise_cost:[[0. 1.]
 [1. 0.]]
2023-10-27 21:49:40,958 - __main__ - INFO - labels:[0 0 0 ... 0 0 0]
2023-10-27 21:49:40,958 - __main__ - INFO - labels:[0 0 0 ... 0 0 0]
2023-10-27 21:49:40,964 - __main__ - INFO - pairwise_cost:[[0. 1.]
 [1. 0.]]
2023-10-27 21:49:40,964 - __main__ - INFO - pairwise_cost:[[0. 1.]
 [1. 0.]]
2023-10-27 21:52:09,788 - __main__ - INFO - labels:[1 1 1 ... 1 1 1]
2023-10-27 21:52:09,788 - __main__ - INFO - labels:[1 1 1 ... 1 1 1]
2023-10-27 21:52:09,788 - __main__ - INFO - labels:[1 1 1 ... 1 1 1]
2023-10-27 21:52:09,795 - __main__ - INFO - pairwise_cost:[[0. 1.]
 [1. 0.]]
2023-10-27 21:52:09,795 - __main__ - INFO - pairwise_cost:[[0. 1.]
 [1. 0.]]
2023-10-27 21:52:09,795 - __main__ - INFO - pairwise_cost:[[0. 1.]
 [1. 0.]]
2023-10-27 21:52:47,461 - __main__ - INFO - labels:[1 1 1 ... 1 1 1]
2023-10-27 21:52:47,461 - __main__ - INFO - labels:[1 1 1 ... 1 1 1]
2023-10-27 21:52:47,461 - __main__ - INFO - labels:[1 1 1 ... 1 1 1]
2023-10-27 21:52:47,461 - __main__ - INFO - labels:[1 1 1 ... 1 1 1]
2023-10-27 21:52:47,469 - __main__ - INFO - pairwise_cost:[[0. 1.]
 [1. 0.]]
2023-10-27 21:52:47,469 - __main__ - INFO - pairwise_cost:[[0. 1.]
 [1. 0.]]
2023-10-27 21:52:47,469 - __main__ - INFO - pairwise_cost:[[0. 1.]
 [1. 0.]]
2023-10-27 21:52:47,469 - __main__ - INFO - pairwise_cost:[[0. 1.]
 [1. 0.]]
2023-10-27 21:56:06,816 - __main__ - INFO - labels:[0 0 0 ... 0 0 0]
2023-10-27 21:56:06,816 - __main__ - INFO - labels:[0 0 0 ... 0 0 0]
2023-10-27 21:56:06,816 - __main__ - INFO - labels:[0 0 0 ... 0 0 0]
2023-10-27 21:56:06,816 - __main__ - INFO - labels:[0 0 0 ... 0 0 0]
2023-10-27 21:56:06,816 - __main__ - INFO - labels:[0 0 0 ... 0 0 0]
2023-10-27 21:56:06,825 - __main__ - INFO - pairwise_cost:[[0. 1.]
 [1. 0.]]
2023-10-27 21:56:06,825 - __main__ - INFO - pairwise_cost:[[0. 1.]
 [1. 0.]]
2023-10-27 21:56:06,825 - __main__ - INFO - pairwise_cost:[[0. 1.]
 [1. 0.]]
2023-10-27 21:56:06,825 - __main__ - INFO - pairwise_cost:[[0. 1.]
 [1. 0.]]
2023-10-27 21:56:06,825 - __main__ - INFO - pairwise_cost:[[0. 1.]
 [1. 0.]]
2023-10-27 21:57:44,552 - __main__ - INFO - labels:[0 0 0 ... 0 0 0]
2023-10-27 21:57:44,557 - __main__ - INFO - pairwise_cost:[[0. 1.]
 [1. 0.]]
2023-10-27 21:58:00,633 - __main__ - INFO - labels:[0 0 0 ... 0 0 0]
2023-10-27 21:58:00,633 - __main__ - INFO - labels:[0 0 0 ... 0 0 0]
2023-10-27 21:58:00,639 - __main__ - INFO - pairwise_cost:[[0. 1.]
 [1. 0.]]
2023-10-27 21:58:00,639 - __main__ - INFO - pairwise_cost:[[0. 1.]
 [1. 0.]]
2023-10-27 21:59:37,191 - __main__ - INFO - cost_v:[[1 1 1 ... 1 1 1]
 [1 1 1 ... 1 1 1]
 [1 1 1 ... 1 1 1]
 ...
 [1 1 1 ... 1 1 1]
 [1 1 1 ... 1 1 1]
 [1 1 1 ... 1 1 1]]
2023-10-27 21:59:37,194 - __main__ - INFO - cost_h:[[1 1 1 ... 1 1 1]
 [1 1 1 ... 1 1 1]
 [1 1 1 ... 1 1 1]
 ...
 [1 1 1 ... 1 1 1]
 [1 1 1 ... 1 1 1]
 [1 1 1 ... 1 1 1]]
2023-10-27 21:59:37,938 - __main__ - INFO - labels:[0 0 0 ... 0 0 0]
2023-10-27 21:59:37,945 - __main__ - INFO - pairwise_cost:[[0. 1.]
 [1. 0.]]
2023-10-27 22:00:06,221 - __main__ - INFO - unary_cost:[[[0 0]
  [0 0]
  [0 0]
  ...
  [0 0]
  [0 0]
  [0 0]]

 [[0 0]
  [0 0]
  [0 0]
  ...
  [0 0]
  [0 0]
  [0 0]]

 [[0 0]
  [0 0]
  [0 0]
  ...
  [0 0]
  [0 0]
  [0 0]]

 ...

 [[0 0]
  [0 0]
  [0 0]
  ...
  [0 0]
  [0 0]
  [0 0]]

 [[0 0]
  [0 0]
  [0 0]
  ...
  [0 0]
  [0 0]
  [0 0]]

 [[0 0]
  [0 0]
  [0 0]
  ...
  [0 0]
  [0 0]
  [0 0]]]
2023-10-27 22:00:06,972 - __main__ - INFO - labels:[0 0 0 ... 0 0 0]
2023-10-27 22:00:06,977 - __main__ - INFO - pairwise_cost:[[0. 1.]
 [1. 0.]]
2023-10-27 22:00:52,654 - __main__ - INFO - unary_cost:[[[74 56]
  [62 44]
  [55 37]
  ...
  [18  0]
  [18  0]
  [18  0]]

 [[29 11]
  [24  6]
  [20  2]
  ...
  [18  0]
  [18  0]
  [18  0]]

 [[18  0]
  [22  4]
  [25  7]
  ...
  [18  0]
  [18  0]
  [18  0]]

 ...

 [[18  0]
  [18  0]
  [18  0]
  ...
  [51 33]
  [56 38]
  [51 33]]

 [[18  0]
  [18  0]
  [18  0]
  ...
  [84 66]
  [48 30]
  [59 41]]

 [[20  2]
  [20  2]
  [20  2]
  ...
  [27  9]
  [22  4]
  [52 34]]]
2023-10-27 22:00:53,466 - __main__ - INFO - labels:[1 1 1 ... 1 1 1]
2023-10-27 22:00:53,471 - __main__ - INFO - pairwise_cost:[[0. 1.]
 [1. 0.]]
2023-10-27 22:01:26,714 - __main__ - INFO - unary_cost:[[[74 56]
  [62 44]
  [55 37]
  ...
  [18  0]
  [18  0]
  [18  0]]

 [[29 11]
  [24  6]
  [20  2]
  ...
  [18  0]
  [18  0]
  [18  0]]

 [[18  0]
  [22  4]
  [25  7]
  ...
  [18  0]
  [18  0]
  [18  0]]

 ...

 [[18  0]
  [18  0]
  [18  0]
  ...
  [51 33]
  [56 38]
  [51 33]]

 [[18  0]
  [18  0]
  [18  0]
  ...
  [84 66]
  [48 30]
  [59 41]]

 [[20  2]
  [20  2]
  [20  2]
  ...
  [27  9]
  [22  4]
  [52 34]]]
2023-10-27 22:01:27,516 - __main__ - INFO - labels:[1 1 1 ... 1 1 1]
2023-10-27 22:01:27,520 - __main__ - INFO - pairwise_cost:[[0. 1.]
 [1. 0.]]
2023-10-27 22:01:56,779 - __main__ - INFO - unary_cost:[[[74 56]
  [62 44]
  [55 37]
  ...
  [18  0]
  [18  0]
  [18  0]]

 [[29 11]
  [24  6]
  [20  2]
  ...
  [18  0]
  [18  0]
  [18  0]]

 [[18  0]
  [22  4]
  [25  7]
  ...
  [18  0]
  [18  0]
  [18  0]]

 ...

 [[18  0]
  [18  0]
  [18  0]
  ...
  [51 33]
  [56 38]
  [51 33]]

 [[18  0]
  [18  0]
  [18  0]
  ...
  [84 66]
  [48 30]
  [59 41]]

 [[20  2]
  [20  2]
  [20  2]
  ...
  [27  9]
  [22  4]
  [52 34]]]
2023-10-27 22:01:57,589 - __main__ - INFO - labels:[1 1 1 ... 1 1 1]
2023-10-27 22:01:57,592 - __main__ - INFO - pairwise_cost:[[0. 1.]
 [1. 0.]]
2023-10-27 22:03:58,307 - __main__ - INFO - unary_cost:[[[74 56]
  [62 44]
  [55 37]
  ...
  [18  0]
  [18  0]
  [18  0]]

 [[29 11]
  [24  6]
  [20  2]
  ...
  [18  0]
  [18  0]
  [18  0]]

 [[18  0]
  [22  4]
  [25  7]
  ...
  [18  0]
  [18  0]
  [18  0]]

 ...

 [[18  0]
  [18  0]
  [18  0]
  ...
  [51 33]
  [56 38]
  [51 33]]

 [[18  0]
  [18  0]
  [18  0]
  ...
  [84 66]
  [48 30]
  [59 41]]

 [[20  2]
  [20  2]
  [20  2]
  ...
  [27  9]
  [22  4]
  [52 34]]]
2023-10-27 22:03:58,307 - __main__ - INFO - unary_cost:[[[74 56]
  [62 44]
  [55 37]
  ...
  [18  0]
  [18  0]
  [18  0]]

 [[29 11]
  [24  6]
  [20  2]
  ...
  [18  0]
  [18  0]
  [18  0]]

 [[18  0]
  [22  4]
  [25  7]
  ...
  [18  0]
  [18  0]
  [18  0]]

 ...

 [[18  0]
  [18  0]
  [18  0]
  ...
  [51 33]
  [56 38]
  [51 33]]

 [[18  0]
  [18  0]
  [18  0]
  ...
  [84 66]
  [48 30]
  [59 41]]

 [[20  2]
  [20  2]
  [20  2]
  ...
  [27  9]
  [22  4]
  [52 34]]]
2023-10-27 22:03:59,092 - __main__ - INFO - labels:[1 1 1 ... 1 1 1]
2023-10-27 22:03:59,092 - __main__ - INFO - labels:[1 1 1 ... 1 1 1]
2023-10-27 22:03:59,097 - __main__ - INFO - pairwise_cost:[[0. 1.]
 [1. 0.]]
2023-10-27 22:03:59,097 - __main__ - INFO - pairwise_cost:[[0. 1.]
 [1. 0.]]
2023-10-27 22:04:30,086 - __main__ - INFO - unary_cost:[[[74 56]
  [62 44]
  [55 37]
  ...
  [18  0]
  [18  0]
  [18  0]]

 [[29 11]
  [24  6]
  [20  2]
  ...
  [18  0]
  [18  0]
  [18  0]]

 [[18  0]
  [22  4]
  [25  7]
  ...
  [18  0]
  [18  0]
  [18  0]]

 ...

 [[18  0]
  [18  0]
  [18  0]
  ...
  [51 33]
  [56 38]
  [51 33]]

 [[18  0]
  [18  0]
  [18  0]
  ...
  [84 66]
  [48 30]
  [59 41]]

 [[20  2]
  [20  2]
  [20  2]
  ...
  [27  9]
  [22  4]
  [52 34]]]
2023-10-27 22:04:30,086 - __main__ - INFO - unary_cost:[[[74 56]
  [62 44]
  [55 37]
  ...
  [18  0]
  [18  0]
  [18  0]]

 [[29 11]
  [24  6]
  [20  2]
  ...
  [18  0]
  [18  0]
  [18  0]]

 [[18  0]
  [22  4]
  [25  7]
  ...
  [18  0]
  [18  0]
  [18  0]]

 ...

 [[18  0]
  [18  0]
  [18  0]
  ...
  [51 33]
  [56 38]
  [51 33]]

 [[18  0]
  [18  0]
  [18  0]
  ...
  [84 66]
  [48 30]
  [59 41]]

 [[20  2]
  [20  2]
  [20  2]
  ...
  [27  9]
  [22  4]
  [52 34]]]
2023-10-27 22:04:30,086 - __main__ - INFO - unary_cost:[[[74 56]
  [62 44]
  [55 37]
  ...
  [18  0]
  [18  0]
  [18  0]]

 [[29 11]
  [24  6]
  [20  2]
  ...
  [18  0]
  [18  0]
  [18  0]]

 [[18  0]
  [22  4]
  [25  7]
  ...
  [18  0]
  [18  0]
  [18  0]]

 ...

 [[18  0]
  [18  0]
  [18  0]
  ...
  [51 33]
  [56 38]
  [51 33]]

 [[18  0]
  [18  0]
  [18  0]
  ...
  [84 66]
  [48 30]
  [59 41]]

 [[20  2]
  [20  2]
  [20  2]
  ...
  [27  9]
  [22  4]
  [52 34]]]
2023-10-27 22:04:31,052 - __main__ - INFO - labels:[1 1 1 ... 1 1 1]
2023-10-27 22:04:31,052 - __main__ - INFO - labels:[1 1 1 ... 1 1 1]
2023-10-27 22:04:31,052 - __main__ - INFO - labels:[1 1 1 ... 1 1 1]
2023-10-27 22:04:31,061 - __main__ - INFO - pairwise_cost:[[0. 1.]
 [1. 0.]]
2023-10-27 22:04:31,061 - __main__ - INFO - pairwise_cost:[[0. 1.]
 [1. 0.]]
2023-10-27 22:04:31,061 - __main__ - INFO - pairwise_cost:[[0. 1.]
 [1. 0.]]
2023-10-27 22:05:22,250 - __main__ - INFO - unary_cost:[[[74 56]
  [62 44]
  [55 37]
  ...
  [18  0]
  [18  0]
  [18  0]]

 [[29 11]
  [24  6]
  [20  2]
  ...
  [18  0]
  [18  0]
  [18  0]]

 [[18  0]
  [22  4]
  [25  7]
  ...
  [18  0]
  [18  0]
  [18  0]]

 ...

 [[18  0]
  [18  0]
  [18  0]
  ...
  [51 33]
  [56 38]
  [51 33]]

 [[18  0]
  [18  0]
  [18  0]
  ...
  [84 66]
  [48 30]
  [59 41]]

 [[20  2]
  [20  2]
  [20  2]
  ...
  [27  9]
  [22  4]
  [52 34]]]
2023-10-27 22:05:23,470 - __main__ - INFO - labels:[0 0 0 ... 0 0 0]
2023-10-27 22:05:23,475 - __main__ - INFO - pairwise_cost:[[0. 1.]
 [1. 0.]]
2023-10-28 01:05:25,901 - __main__ - INFO - unary_cost:[[[74 56]
  [62 44]
  [55 37]
  ...
  [18  0]
  [18  0]
  [18  0]]

 [[29 11]
  [24  6]
  [20  2]
  ...
  [18  0]
  [18  0]
  [18  0]]

 [[18  0]
  [22  4]
  [25  7]
  ...
  [18  0]
  [18  0]
  [18  0]]

 ...

 [[18  0]
  [18  0]
  [18  0]
  ...
  [51 33]
  [56 38]
  [51 33]]

 [[18  0]
  [18  0]
  [18  0]
  ...
  [84 66]
  [48 30]
  [59 41]]

 [[20  2]
  [20  2]
  [20  2]
  ...
  [27  9]
  [22  4]
  [52 34]]]
2023-10-28 01:05:25,901 - __main__ - INFO - unary_cost:[[[74 56]
  [62 44]
  [55 37]
  ...
  [18  0]
  [18  0]
  [18  0]]

 [[29 11]
  [24  6]
  [20  2]
  ...
  [18  0]
  [18  0]
  [18  0]]

 [[18  0]
  [22  4]
  [25  7]
  ...
  [18  0]
  [18  0]
  [18  0]]

 ...

 [[18  0]
  [18  0]
  [18  0]
  ...
  [51 33]
  [56 38]
  [51 33]]

 [[18  0]
  [18  0]
  [18  0]
  ...
  [84 66]
  [48 30]
  [59 41]]

 [[20  2]
  [20  2]
  [20  2]
  ...
  [27  9]
  [22  4]
  [52 34]]]
2023-10-28 01:05:27,212 - __main__ - INFO - labels:[0 0 0 ... 0 0 0]
2023-10-28 01:05:27,212 - __main__ - INFO - labels:[0 0 0 ... 0 0 0]
2023-10-28 01:05:27,221 - __main__ - INFO - pairwise_cost:[[0. 1.]
 [1. 0.]]
2023-10-28 01:05:27,221 - __main__ - INFO - pairwise_cost:[[0. 1.]
 [1. 0.]]
2023-10-28 01:06:13,003 - __main__ - INFO - unary_cost:[[[74 56]
  [62 44]
  [55 37]
  ...
  [18  0]
  [18  0]
  [18  0]]

 [[29 11]
  [24  6]
  [20  2]
  ...
  [18  0]
  [18  0]
  [18  0]]

 [[18  0]
  [22  4]
  [25  7]
  ...
  [18  0]
  [18  0]
  [18  0]]

 ...

 [[18  0]
  [18  0]
  [18  0]
  ...
  [51 33]
  [56 38]
  [51 33]]

 [[18  0]
  [18  0]
  [18  0]
  ...
  [84 66]
  [48 30]
  [59 41]]

 [[20  2]
  [20  2]
  [20  2]
  ...
  [27  9]
  [22  4]
  [52 34]]]
2023-10-28 01:06:13,003 - __main__ - INFO - unary_cost:[[[74 56]
  [62 44]
  [55 37]
  ...
  [18  0]
  [18  0]
  [18  0]]

 [[29 11]
  [24  6]
  [20  2]
  ...
  [18  0]
  [18  0]
  [18  0]]

 [[18  0]
  [22  4]
  [25  7]
  ...
  [18  0]
  [18  0]
  [18  0]]

 ...

 [[18  0]
  [18  0]
  [18  0]
  ...
  [51 33]
  [56 38]
  [51 33]]

 [[18  0]
  [18  0]
  [18  0]
  ...
  [84 66]
  [48 30]
  [59 41]]

 [[20  2]
  [20  2]
  [20  2]
  ...
  [27  9]
  [22  4]
  [52 34]]]
2023-10-28 01:06:13,003 - __main__ - INFO - unary_cost:[[[74 56]
  [62 44]
  [55 37]
  ...
  [18  0]
  [18  0]
  [18  0]]

 [[29 11]
  [24  6]
  [20  2]
  ...
  [18  0]
  [18  0]
  [18  0]]

 [[18  0]
  [22  4]
  [25  7]
  ...
  [18  0]
  [18  0]
  [18  0]]

 ...

 [[18  0]
  [18  0]
  [18  0]
  ...
  [51 33]
  [56 38]
  [51 33]]

 [[18  0]
  [18  0]
  [18  0]
  ...
  [84 66]
  [48 30]
  [59 41]]

 [[20  2]
  [20  2]
  [20  2]
  ...
  [27  9]
  [22  4]
  [52 34]]]
2023-10-28 01:06:14,163 - __main__ - INFO - labels:[0 0 0 ... 0 0 0]
2023-10-28 01:06:14,163 - __main__ - INFO - labels:[0 0 0 ... 0 0 0]
2023-10-28 01:06:14,163 - __main__ - INFO - labels:[0 0 0 ... 0 0 0]
2023-10-28 01:06:14,168 - __main__ - INFO - pairwise_cost:[[0. 2.]
 [2. 0.]]
2023-10-28 01:06:14,168 - __main__ - INFO - pairwise_cost:[[0. 2.]
 [2. 0.]]
2023-10-28 01:06:14,168 - __main__ - INFO - pairwise_cost:[[0. 2.]
 [2. 0.]]
2023-10-28 01:06:46,735 - __main__ - INFO - unary_cost:[[[74 56]
  [62 44]
  [55 37]
  ...
  [18  0]
  [18  0]
  [18  0]]

 [[29 11]
  [24  6]
  [20  2]
  ...
  [18  0]
  [18  0]
  [18  0]]

 [[18  0]
  [22  4]
  [25  7]
  ...
  [18  0]
  [18  0]
  [18  0]]

 ...

 [[18  0]
  [18  0]
  [18  0]
  ...
  [51 33]
  [56 38]
  [51 33]]

 [[18  0]
  [18  0]
  [18  0]
  ...
  [84 66]
  [48 30]
  [59 41]]

 [[20  2]
  [20  2]
  [20  2]
  ...
  [27  9]
  [22  4]
  [52 34]]]
2023-10-28 01:06:48,017 - __main__ - INFO - labels:[0 0 0 ... 0 0 0]
2023-10-28 01:06:48,021 - __main__ - INFO - pairwise_cost:[[0. 4.]
 [4. 0.]]
2023-10-28 01:07:45,785 - __main__ - INFO - unary_cost:[[[74 56]
  [62 44]
  [55 37]
  ...
  [18  0]
  [18  0]
  [18  0]]

 [[29 11]
  [24  6]
  [20  2]
  ...
  [18  0]
  [18  0]
  [18  0]]

 [[18  0]
  [22  4]
  [25  7]
  ...
  [18  0]
  [18  0]
  [18  0]]

 ...

 [[18  0]
  [18  0]
  [18  0]
  ...
  [51 33]
  [56 38]
  [51 33]]

 [[18  0]
  [18  0]
  [18  0]
  ...
  [84 66]
  [48 30]
  [59 41]]

 [[20  2]
  [20  2]
  [20  2]
  ...
  [27  9]
  [22  4]
  [52 34]]]
2023-10-28 01:07:46,615 - __main__ - INFO - labels:[1 1 1 ... 1 1 1]
2023-10-28 01:07:46,618 - __main__ - INFO - pairwise_cost:[[0. 4.]
 [4. 0.]]
2023-10-28 01:08:15,086 - __main__ - INFO - unary_cost:[[[74 56]
  [62 44]
  [55 37]
  ...
  [18  0]
  [18  0]
  [18  0]]

 [[29 11]
  [24  6]
  [20  2]
  ...
  [18  0]
  [18  0]
  [18  0]]

 [[18  0]
  [22  4]
  [25  7]
  ...
  [18  0]
  [18  0]
  [18  0]]

 ...

 [[18  0]
  [18  0]
  [18  0]
  ...
  [51 33]
  [56 38]
  [51 33]]

 [[18  0]
  [18  0]
  [18  0]
  ...
  [84 66]
  [48 30]
  [59 41]]

 [[20  2]
  [20  2]
  [20  2]
  ...
  [27  9]
  [22  4]
  [52 34]]]
2023-10-28 01:08:15,086 - __main__ - INFO - unary_cost:[[[74 56]
  [62 44]
  [55 37]
  ...
  [18  0]
  [18  0]
  [18  0]]

 [[29 11]
  [24  6]
  [20  2]
  ...
  [18  0]
  [18  0]
  [18  0]]

 [[18  0]
  [22  4]
  [25  7]
  ...
  [18  0]
  [18  0]
  [18  0]]

 ...

 [[18  0]
  [18  0]
  [18  0]
  ...
  [51 33]
  [56 38]
  [51 33]]

 [[18  0]
  [18  0]
  [18  0]
  ...
  [84 66]
  [48 30]
  [59 41]]

 [[20  2]
  [20  2]
  [20  2]
  ...
  [27  9]
  [22  4]
  [52 34]]]
2023-10-28 01:08:15,923 - __main__ - INFO - labels:[1 1 1 ... 1 1 1]
2023-10-28 01:08:15,923 - __main__ - INFO - labels:[1 1 1 ... 1 1 1]
2023-10-28 01:08:15,929 - __main__ - INFO - pairwise_cost:[[0. 4.]
 [4. 0.]]
2023-10-28 01:08:15,929 - __main__ - INFO - pairwise_cost:[[0. 4.]
 [4. 0.]]
2023-10-28 01:08:47,358 - __main__ - INFO - unary_cost:[[[74 56]
  [62 44]
  [55 37]
  ...
  [18  0]
  [18  0]
  [18  0]]

 [[29 11]
  [24  6]
  [20  2]
  ...
  [18  0]
  [18  0]
  [18  0]]

 [[18  0]
  [22  4]
  [25  7]
  ...
  [18  0]
  [18  0]
  [18  0]]

 ...

 [[18  0]
  [18  0]
  [18  0]
  ...
  [51 33]
  [56 38]
  [51 33]]

 [[18  0]
  [18  0]
  [18  0]
  ...
  [84 66]
  [48 30]
  [59 41]]

 [[20  2]
  [20  2]
  [20  2]
  ...
  [27  9]
  [22  4]
  [52 34]]]
2023-10-28 01:08:48,274 - __main__ - INFO - labels:[1 1 1 ... 1 1 1]
2023-10-28 01:08:48,278 - __main__ - INFO - pairwise_cost:[[0. 4.]
 [4. 0.]]
2023-10-28 01:09:32,529 - __main__ - INFO - unary_cost:[[[74 56]
  [62 44]
  [55 37]
  ...
  [18  0]
  [18  0]
  [18  0]]

 [[29 11]
  [24  6]
  [20  2]
  ...
  [18  0]
  [18  0]
  [18  0]]

 [[18  0]
  [22  4]
  [25  7]
  ...
  [18  0]
  [18  0]
  [18  0]]

 ...

 [[18  0]
  [18  0]
  [18  0]
  ...
  [51 33]
  [56 38]
  [51 33]]

 [[18  0]
  [18  0]
  [18  0]
  ...
  [84 66]
  [48 30]
  [59 41]]

 [[20  2]
  [20  2]
  [20  2]
  ...
  [27  9]
  [22  4]
  [52 34]]]
2023-10-28 01:09:32,529 - __main__ - INFO - unary_cost:[[[74 56]
  [62 44]
  [55 37]
  ...
  [18  0]
  [18  0]
  [18  0]]

 [[29 11]
  [24  6]
  [20  2]
  ...
  [18  0]
  [18  0]
  [18  0]]

 [[18  0]
  [22  4]
  [25  7]
  ...
  [18  0]
  [18  0]
  [18  0]]

 ...

 [[18  0]
  [18  0]
  [18  0]
  ...
  [51 33]
  [56 38]
  [51 33]]

 [[18  0]
  [18  0]
  [18  0]
  ...
  [84 66]
  [48 30]
  [59 41]]

 [[20  2]
  [20  2]
  [20  2]
  ...
  [27  9]
  [22  4]
  [52 34]]]
2023-10-28 01:09:33,433 - __main__ - INFO - labels:[1 1 1 ... 1 1 1]
2023-10-28 01:09:33,433 - __main__ - INFO - labels:[1 1 1 ... 1 1 1]
2023-10-28 01:09:33,436 - __main__ - INFO - pairwise_cost:[[0. 4.]
 [4. 0.]]
2023-10-28 01:09:33,436 - __main__ - INFO - pairwise_cost:[[0. 4.]
 [4. 0.]]
2023-10-28 01:14:20,635 - __main__ - INFO - unary_cost:[[[74 56]
  [62 44]
  [55 37]
  ...
  [18  0]
  [18  0]
  [18  0]]

 [[29 11]
  [24  6]
  [20  2]
  ...
  [18  0]
  [18  0]
  [18  0]]

 [[18  0]
  [22  4]
  [25  7]
  ...
  [18  0]
  [18  0]
  [18  0]]

 ...

 [[18  0]
  [18  0]
  [18  0]
  ...
  [51 33]
  [56 38]
  [51 33]]

 [[18  0]
  [18  0]
  [18  0]
  ...
  [84 66]
  [48 30]
  [59 41]]

 [[20  2]
  [20  2]
  [20  2]
  ...
  [27  9]
  [22  4]
  [52 34]]]
2023-10-28 01:14:20,635 - __main__ - INFO - unary_cost:[[[74 56]
  [62 44]
  [55 37]
  ...
  [18  0]
  [18  0]
  [18  0]]

 [[29 11]
  [24  6]
  [20  2]
  ...
  [18  0]
  [18  0]
  [18  0]]

 [[18  0]
  [22  4]
  [25  7]
  ...
  [18  0]
  [18  0]
  [18  0]]

 ...

 [[18  0]
  [18  0]
  [18  0]
  ...
  [51 33]
  [56 38]
  [51 33]]

 [[18  0]
  [18  0]
  [18  0]
  ...
  [84 66]
  [48 30]
  [59 41]]

 [[20  2]
  [20  2]
  [20  2]
  ...
  [27  9]
  [22  4]
  [52 34]]]
2023-10-28 01:14:20,635 - __main__ - INFO - unary_cost:[[[74 56]
  [62 44]
  [55 37]
  ...
  [18  0]
  [18  0]
  [18  0]]

 [[29 11]
  [24  6]
  [20  2]
  ...
  [18  0]
  [18  0]
  [18  0]]

 [[18  0]
  [22  4]
  [25  7]
  ...
  [18  0]
  [18  0]
  [18  0]]

 ...

 [[18  0]
  [18  0]
  [18  0]
  ...
  [51 33]
  [56 38]
  [51 33]]

 [[18  0]
  [18  0]
  [18  0]
  ...
  [84 66]
  [48 30]
  [59 41]]

 [[20  2]
  [20  2]
  [20  2]
  ...
  [27  9]
  [22  4]
  [52 34]]]
2023-10-28 01:14:21,479 - __main__ - INFO - labels:[1 1 1 ... 1 1 1]
2023-10-28 01:14:21,479 - __main__ - INFO - labels:[1 1 1 ... 1 1 1]
2023-10-28 01:14:21,479 - __main__ - INFO - labels:[1 1 1 ... 1 1 1]
2023-10-28 01:14:21,485 - __main__ - INFO - pairwise_cost:[[0. 4.]
 [4. 0.]]
2023-10-28 01:14:21,485 - __main__ - INFO - pairwise_cost:[[0. 4.]
 [4. 0.]]
2023-10-28 01:14:21,485 - __main__ - INFO - pairwise_cost:[[0. 4.]
 [4. 0.]]
2023-10-28 01:15:40,493 - __main__ - INFO - unary_cost:[[[74 56]
  [62 44]
  [55 37]
  ...
  [18  0]
  [18  0]
  [18  0]]

 [[29 11]
  [24  6]
  [20  2]
  ...
  [18  0]
  [18  0]
  [18  0]]

 [[18  0]
  [22  4]
  [25  7]
  ...
  [18  0]
  [18  0]
  [18  0]]

 ...

 [[18  0]
  [18  0]
  [18  0]
  ...
  [51 33]
  [56 38]
  [51 33]]

 [[18  0]
  [18  0]
  [18  0]
  ...
  [84 66]
  [48 30]
  [59 41]]

 [[20  2]
  [20  2]
  [20  2]
  ...
  [27  9]
  [22  4]
  [52 34]]]
2023-10-28 01:15:40,493 - __main__ - INFO - unary_cost:[[[74 56]
  [62 44]
  [55 37]
  ...
  [18  0]
  [18  0]
  [18  0]]

 [[29 11]
  [24  6]
  [20  2]
  ...
  [18  0]
  [18  0]
  [18  0]]

 [[18  0]
  [22  4]
  [25  7]
  ...
  [18  0]
  [18  0]
  [18  0]]

 ...

 [[18  0]
  [18  0]
  [18  0]
  ...
  [51 33]
  [56 38]
  [51 33]]

 [[18  0]
  [18  0]
  [18  0]
  ...
  [84 66]
  [48 30]
  [59 41]]

 [[20  2]
  [20  2]
  [20  2]
  ...
  [27  9]
  [22  4]
  [52 34]]]
2023-10-28 01:15:40,493 - __main__ - INFO - unary_cost:[[[74 56]
  [62 44]
  [55 37]
  ...
  [18  0]
  [18  0]
  [18  0]]

 [[29 11]
  [24  6]
  [20  2]
  ...
  [18  0]
  [18  0]
  [18  0]]

 [[18  0]
  [22  4]
  [25  7]
  ...
  [18  0]
  [18  0]
  [18  0]]

 ...

 [[18  0]
  [18  0]
  [18  0]
  ...
  [51 33]
  [56 38]
  [51 33]]

 [[18  0]
  [18  0]
  [18  0]
  ...
  [84 66]
  [48 30]
  [59 41]]

 [[20  2]
  [20  2]
  [20  2]
  ...
  [27  9]
  [22  4]
  [52 34]]]
2023-10-28 01:15:40,493 - __main__ - INFO - unary_cost:[[[74 56]
  [62 44]
  [55 37]
  ...
  [18  0]
  [18  0]
  [18  0]]

 [[29 11]
  [24  6]
  [20  2]
  ...
  [18  0]
  [18  0]
  [18  0]]

 [[18  0]
  [22  4]
  [25  7]
  ...
  [18  0]
  [18  0]
  [18  0]]

 ...

 [[18  0]
  [18  0]
  [18  0]
  ...
  [51 33]
  [56 38]
  [51 33]]

 [[18  0]
  [18  0]
  [18  0]
  ...
  [84 66]
  [48 30]
  [59 41]]

 [[20  2]
  [20  2]
  [20  2]
  ...
  [27  9]
  [22  4]
  [52 34]]]
2023-10-28 01:15:41,294 - __main__ - INFO - labels:[1 1 1 ... 1 1 1]
2023-10-28 01:15:41,294 - __main__ - INFO - labels:[1 1 1 ... 1 1 1]
2023-10-28 01:15:41,294 - __main__ - INFO - labels:[1 1 1 ... 1 1 1]
2023-10-28 01:15:41,294 - __main__ - INFO - labels:[1 1 1 ... 1 1 1]
2023-10-28 01:15:41,300 - __main__ - INFO - pairwise_cost:[[0. 4.]
 [4. 0.]]
2023-10-28 01:15:41,300 - __main__ - INFO - pairwise_cost:[[0. 4.]
 [4. 0.]]
2023-10-28 01:15:41,300 - __main__ - INFO - pairwise_cost:[[0. 4.]
 [4. 0.]]
2023-10-28 01:15:41,300 - __main__ - INFO - pairwise_cost:[[0. 4.]
 [4. 0.]]
2023-10-28 01:16:47,439 - __main__ - INFO - unary_cost:[[[74 56]
  [62 44]
  [55 37]
  ...
  [18  0]
  [18  0]
  [18  0]]

 [[29 11]
  [24  6]
  [20  2]
  ...
  [18  0]
  [18  0]
  [18  0]]

 [[18  0]
  [22  4]
  [25  7]
  ...
  [18  0]
  [18  0]
  [18  0]]

 ...

 [[18  0]
  [18  0]
  [18  0]
  ...
  [51 33]
  [56 38]
  [51 33]]

 [[18  0]
  [18  0]
  [18  0]
  ...
  [84 66]
  [48 30]
  [59 41]]

 [[20  2]
  [20  2]
  [20  2]
  ...
  [27  9]
  [22  4]
  [52 34]]]
2023-10-28 01:16:47,439 - __main__ - INFO - unary_cost:[[[74 56]
  [62 44]
  [55 37]
  ...
  [18  0]
  [18  0]
  [18  0]]

 [[29 11]
  [24  6]
  [20  2]
  ...
  [18  0]
  [18  0]
  [18  0]]

 [[18  0]
  [22  4]
  [25  7]
  ...
  [18  0]
  [18  0]
  [18  0]]

 ...

 [[18  0]
  [18  0]
  [18  0]
  ...
  [51 33]
  [56 38]
  [51 33]]

 [[18  0]
  [18  0]
  [18  0]
  ...
  [84 66]
  [48 30]
  [59 41]]

 [[20  2]
  [20  2]
  [20  2]
  ...
  [27  9]
  [22  4]
  [52 34]]]
2023-10-28 01:16:47,439 - __main__ - INFO - unary_cost:[[[74 56]
  [62 44]
  [55 37]
  ...
  [18  0]
  [18  0]
  [18  0]]

 [[29 11]
  [24  6]
  [20  2]
  ...
  [18  0]
  [18  0]
  [18  0]]

 [[18  0]
  [22  4]
  [25  7]
  ...
  [18  0]
  [18  0]
  [18  0]]

 ...

 [[18  0]
  [18  0]
  [18  0]
  ...
  [51 33]
  [56 38]
  [51 33]]

 [[18  0]
  [18  0]
  [18  0]
  ...
  [84 66]
  [48 30]
  [59 41]]

 [[20  2]
  [20  2]
  [20  2]
  ...
  [27  9]
  [22  4]
  [52 34]]]
2023-10-28 01:16:47,439 - __main__ - INFO - unary_cost:[[[74 56]
  [62 44]
  [55 37]
  ...
  [18  0]
  [18  0]
  [18  0]]

 [[29 11]
  [24  6]
  [20  2]
  ...
  [18  0]
  [18  0]
  [18  0]]

 [[18  0]
  [22  4]
  [25  7]
  ...
  [18  0]
  [18  0]
  [18  0]]

 ...

 [[18  0]
  [18  0]
  [18  0]
  ...
  [51 33]
  [56 38]
  [51 33]]

 [[18  0]
  [18  0]
  [18  0]
  ...
  [84 66]
  [48 30]
  [59 41]]

 [[20  2]
  [20  2]
  [20  2]
  ...
  [27  9]
  [22  4]
  [52 34]]]
2023-10-28 01:16:47,439 - __main__ - INFO - unary_cost:[[[74 56]
  [62 44]
  [55 37]
  ...
  [18  0]
  [18  0]
  [18  0]]

 [[29 11]
  [24  6]
  [20  2]
  ...
  [18  0]
  [18  0]
  [18  0]]

 [[18  0]
  [22  4]
  [25  7]
  ...
  [18  0]
  [18  0]
  [18  0]]

 ...

 [[18  0]
  [18  0]
  [18  0]
  ...
  [51 33]
  [56 38]
  [51 33]]

 [[18  0]
  [18  0]
  [18  0]
  ...
  [84 66]
  [48 30]
  [59 41]]

 [[20  2]
  [20  2]
  [20  2]
  ...
  [27  9]
  [22  4]
  [52 34]]]
2023-10-28 01:16:48,240 - __main__ - INFO - labels:[1 1 1 ... 1 1 1]
2023-10-28 01:16:48,240 - __main__ - INFO - labels:[1 1 1 ... 1 1 1]
2023-10-28 01:16:48,240 - __main__ - INFO - labels:[1 1 1 ... 1 1 1]
2023-10-28 01:16:48,240 - __main__ - INFO - labels:[1 1 1 ... 1 1 1]
2023-10-28 01:16:48,240 - __main__ - INFO - labels:[1 1 1 ... 1 1 1]
2023-10-28 01:16:48,247 - __main__ - INFO - pairwise_cost:[[0. 4.]
 [4. 0.]]
2023-10-28 01:16:48,247 - __main__ - INFO - pairwise_cost:[[0. 4.]
 [4. 0.]]
2023-10-28 01:16:48,247 - __main__ - INFO - pairwise_cost:[[0. 4.]
 [4. 0.]]
2023-10-28 01:16:48,247 - __main__ - INFO - pairwise_cost:[[0. 4.]
 [4. 0.]]
2023-10-28 01:16:48,247 - __main__ - INFO - pairwise_cost:[[0. 4.]
 [4. 0.]]
2023-10-28 01:18:29,727 - __main__ - INFO - unary_cost:[[[0 0]
  [0 0]
  [0 0]
  ...
  [0 0]
  [0 0]
  [0 0]]

 [[0 0]
  [0 0]
  [0 0]
  ...
  [0 0]
  [0 0]
  [0 0]]

 [[0 0]
  [0 0]
  [0 0]
  ...
  [0 0]
  [0 0]
  [0 0]]

 ...

 [[0 0]
  [0 0]
  [0 0]
  ...
  [0 0]
  [0 0]
  [0 0]]

 [[0 0]
  [0 0]
  [0 0]
  ...
  [0 0]
  [0 0]
  [0 0]]

 [[0 0]
  [0 0]
  [0 0]
  ...
  [0 0]
  [0 0]
  [0 0]]]
2023-10-28 01:18:30,431 - __main__ - INFO - labels:[0 0 0 ... 0 0 0]
2023-10-28 01:18:30,436 - __main__ - INFO - pairwise_cost:[[0. 4.]
 [4. 0.]]
2023-10-28 01:19:10,383 - __main__ - INFO - unary_cost:[[[0.22222222 0.29281046]
  [0.17254902 0.24313725]
  [0.14509804 0.21568627]
  ...
  [0.00130719 0.07189542]
  [0.00130719 0.07189542]
  [0.00130719 0.07189542]]

 [[0.04444444 0.11503268]
  [0.02614379 0.09673203]
  [0.00784314 0.07843137]
  ...
  [0.00130719 0.07189542]
  [0.00130719 0.07189542]
  [0.00130719 0.07189542]]

 [[0.00261438 0.07320261]
  [0.01830065 0.08888889]
  [0.02745098 0.09803922]
  ...
  [0.00130719 0.07189542]
  [0.00130719 0.07189542]
  [0.00130719 0.07189542]]

 ...

 [[0.00261438 0.07320261]
  [0.00261438 0.07320261]
  [0.00261438 0.07320261]
  ...
  [0.13071895 0.20130719]
  [0.15163399 0.22222222]
  [0.12941176 0.2       ]]

 [[0.00261438 0.07320261]
  [0.00261438 0.07320261]
  [0.00261438 0.07320261]
  ...
  [0.25882353 0.32941176]
  [0.11895425 0.18954248]
  [0.16078431 0.23137255]]

 [[0.00915033 0.07973856]
  [0.00915033 0.07973856]
  [0.00915033 0.07973856]
  ...
  [0.0379085  0.10849673]
  [0.01568627 0.08627451]
  [0.13333333 0.20392157]]]
2023-10-28 01:19:12,334 - __main__ - INFO - labels:[1 1 1 ... 1 1 1]
2023-10-28 01:19:12,338 - __main__ - INFO - pairwise_cost:[[0. 4.]
 [4. 0.]]
2023-10-28 01:25:10,539 - __main__ - INFO - unary_cost:[[[56. 74.]
  [44. 62.]
  [37. 55.]
  ...
  [ 0. 18.]
  [ 0. 18.]
  [ 0. 18.]]

 [[11. 29.]
  [ 6. 24.]
  [ 2. 20.]
  ...
  [ 0. 18.]
  [ 0. 18.]
  [ 0. 18.]]

 [[ 0. 18.]
  [ 4. 22.]
  [ 7. 25.]
  ...
  [ 0. 18.]
  [ 0. 18.]
  [ 0. 18.]]

 ...

 [[ 0. 18.]
  [ 0. 18.]
  [ 0. 18.]
  ...
  [33. 51.]
  [38. 56.]
  [33. 51.]]

 [[ 0. 18.]
  [ 0. 18.]
  [ 0. 18.]
  ...
  [66. 84.]
  [30. 48.]
  [41. 59.]]

 [[ 2. 20.]
  [ 2. 20.]
  [ 2. 20.]
  ...
  [ 9. 27.]
  [ 4. 22.]
  [34. 52.]]]
2023-10-28 01:25:10,539 - __main__ - INFO - unary_cost:[[[56. 74.]
  [44. 62.]
  [37. 55.]
  ...
  [ 0. 18.]
  [ 0. 18.]
  [ 0. 18.]]

 [[11. 29.]
  [ 6. 24.]
  [ 2. 20.]
  ...
  [ 0. 18.]
  [ 0. 18.]
  [ 0. 18.]]

 [[ 0. 18.]
  [ 4. 22.]
  [ 7. 25.]
  ...
  [ 0. 18.]
  [ 0. 18.]
  [ 0. 18.]]

 ...

 [[ 0. 18.]
  [ 0. 18.]
  [ 0. 18.]
  ...
  [33. 51.]
  [38. 56.]
  [33. 51.]]

 [[ 0. 18.]
  [ 0. 18.]
  [ 0. 18.]
  ...
  [66. 84.]
  [30. 48.]
  [41. 59.]]

 [[ 2. 20.]
  [ 2. 20.]
  [ 2. 20.]
  ...
  [ 9. 27.]
  [ 4. 22.]
  [34. 52.]]]
2023-10-28 01:25:11,353 - __main__ - INFO - labels:[[0 0 0 ... 0 0 0]
 [0 0 0 ... 0 0 0]
 [0 0 0 ... 0 0 0]
 ...
 [0 0 0 ... 0 0 0]
 [0 0 0 ... 0 0 0]
 [0 0 0 ... 0 0 0]]
2023-10-28 01:25:11,353 - __main__ - INFO - labels:[[0 0 0 ... 0 0 0]
 [0 0 0 ... 0 0 0]
 [0 0 0 ... 0 0 0]
 ...
 [0 0 0 ... 0 0 0]
 [0 0 0 ... 0 0 0]
 [0 0 0 ... 0 0 0]]
2023-10-28 01:25:11,357 - __main__ - INFO - pairwise_cost:[[0. 1.]
 [1. 0.]]
2023-10-28 01:25:11,357 - __main__ - INFO - pairwise_cost:[[0. 1.]
 [1. 0.]]
2023-10-28 01:25:53,965 - __main__ - INFO - unary_cost:[[[56. 74.]
  [44. 62.]
  [37. 55.]
  ...
  [ 0. 18.]
  [ 0. 18.]
  [ 0. 18.]]

 [[11. 29.]
  [ 6. 24.]
  [ 2. 20.]
  ...
  [ 0. 18.]
  [ 0. 18.]
  [ 0. 18.]]

 [[ 0. 18.]
  [ 4. 22.]
  [ 7. 25.]
  ...
  [ 0. 18.]
  [ 0. 18.]
  [ 0. 18.]]

 ...

 [[ 0. 18.]
  [ 0. 18.]
  [ 0. 18.]
  ...
  [33. 51.]
  [38. 56.]
  [33. 51.]]

 [[ 0. 18.]
  [ 0. 18.]
  [ 0. 18.]
  ...
  [66. 84.]
  [30. 48.]
  [41. 59.]]

 [[ 2. 20.]
  [ 2. 20.]
  [ 2. 20.]
  ...
  [ 9. 27.]
  [ 4. 22.]
  [34. 52.]]]
2023-10-28 01:25:54,774 - __main__ - INFO - labels:[[0 0 0 ... 0 0 0]
 [0 0 0 ... 0 0 0]
 [0 0 0 ... 0 0 0]
 ...
 [0 0 0 ... 0 0 0]
 [0 0 0 ... 0 0 0]
 [0 0 0 ... 0 0 0]]
2023-10-28 01:25:54,776 - __main__ - INFO - pairwise_cost:[[0. 1.]
 [1. 0.]]
2023-10-28 01:26:17,462 - __main__ - INFO - unary_cost:[[[56. 74.]
  [44. 62.]
  [37. 55.]
  ...
  [ 0. 18.]
  [ 0. 18.]
  [ 0. 18.]]

 [[11. 29.]
  [ 6. 24.]
  [ 2. 20.]
  ...
  [ 0. 18.]
  [ 0. 18.]
  [ 0. 18.]]

 [[ 0. 18.]
  [ 4. 22.]
  [ 7. 25.]
  ...
  [ 0. 18.]
  [ 0. 18.]
  [ 0. 18.]]

 ...

 [[ 0. 18.]
  [ 0. 18.]
  [ 0. 18.]
  ...
  [33. 51.]
  [38. 56.]
  [33. 51.]]

 [[ 0. 18.]
  [ 0. 18.]
  [ 0. 18.]
  ...
  [66. 84.]
  [30. 48.]
  [41. 59.]]

 [[ 2. 20.]
  [ 2. 20.]
  [ 2. 20.]
  ...
  [ 9. 27.]
  [ 4. 22.]
  [34. 52.]]]
2023-10-28 01:26:17,462 - __main__ - INFO - unary_cost:[[[56. 74.]
  [44. 62.]
  [37. 55.]
  ...
  [ 0. 18.]
  [ 0. 18.]
  [ 0. 18.]]

 [[11. 29.]
  [ 6. 24.]
  [ 2. 20.]
  ...
  [ 0. 18.]
  [ 0. 18.]
  [ 0. 18.]]

 [[ 0. 18.]
  [ 4. 22.]
  [ 7. 25.]
  ...
  [ 0. 18.]
  [ 0. 18.]
  [ 0. 18.]]

 ...

 [[ 0. 18.]
  [ 0. 18.]
  [ 0. 18.]
  ...
  [33. 51.]
  [38. 56.]
  [33. 51.]]

 [[ 0. 18.]
  [ 0. 18.]
  [ 0. 18.]
  ...
  [66. 84.]
  [30. 48.]
  [41. 59.]]

 [[ 2. 20.]
  [ 2. 20.]
  [ 2. 20.]
  ...
  [ 9. 27.]
  [ 4. 22.]
  [34. 52.]]]
2023-10-28 01:26:18,269 - __main__ - INFO - labels:[[0 0 0 ... 0 0 0]
 [0 0 0 ... 0 0 0]
 [0 0 0 ... 0 0 0]
 ...
 [0 0 0 ... 0 0 0]
 [0 0 0 ... 0 0 0]
 [0 0 0 ... 0 0 0]]
2023-10-28 01:26:18,269 - __main__ - INFO - labels:[[0 0 0 ... 0 0 0]
 [0 0 0 ... 0 0 0]
 [0 0 0 ... 0 0 0]
 ...
 [0 0 0 ... 0 0 0]
 [0 0 0 ... 0 0 0]
 [0 0 0 ... 0 0 0]]
2023-10-28 01:26:18,278 - __main__ - INFO - pairwise_cost:[[0. 1.]
 [1. 0.]]
2023-10-28 01:26:18,278 - __main__ - INFO - pairwise_cost:[[0. 1.]
 [1. 0.]]
2023-10-28 01:29:13,372 - __main__ - INFO - unary_cost:[[[56. 74.]
  [44. 62.]
  [37. 55.]
  ...
  [ 0. 18.]
  [ 0. 18.]
  [ 0.  0.]]

 [[11. 29.]
  [ 6. 24.]
  [ 2. 20.]
  ...
  [ 0. 18.]
  [ 0. 18.]
  [ 0.  0.]]

 [[ 0. 18.]
  [ 4. 22.]
  [ 7. 25.]
  ...
  [ 0. 18.]
  [ 0. 18.]
  [ 0.  0.]]

 ...

 [[ 0. 18.]
  [ 0. 18.]
  [ 0. 18.]
  ...
  [33. 51.]
  [38. 56.]
  [ 0.  0.]]

 [[ 0. 18.]
  [ 0. 18.]
  [ 0. 18.]
  ...
  [66. 84.]
  [30. 48.]
  [ 0.  0.]]

 [[ 0.  0.]
  [ 0.  0.]
  [ 0.  0.]
  ...
  [ 0.  0.]
  [ 0.  0.]
  [ 0.  0.]]]
2023-10-28 01:29:14,237 - __main__ - INFO - labels:[[0 0 0 ... 0 0 0]
 [0 0 0 ... 0 0 0]
 [0 0 0 ... 0 0 0]
 ...
 [0 0 0 ... 0 0 0]
 [0 0 0 ... 0 0 0]
 [0 0 0 ... 0 0 0]]
2023-10-28 01:29:14,241 - __main__ - INFO - pairwise_cost:[[0. 1.]
 [1. 0.]]
2023-10-28 01:29:47,819 - __main__ - INFO - unary_cost:[[[56. 74.]
  [44. 62.]
  [37. 55.]
  ...
  [ 0. 18.]
  [ 0. 18.]
  [ 0.  0.]]

 [[11. 29.]
  [ 6. 24.]
  [ 2. 20.]
  ...
  [ 0. 18.]
  [ 0. 18.]
  [ 0.  0.]]

 [[ 0. 18.]
  [ 4. 22.]
  [ 7. 25.]
  ...
  [ 0. 18.]
  [ 0. 18.]
  [ 0.  0.]]

 ...

 [[ 0. 18.]
  [ 0. 18.]
  [ 0. 18.]
  ...
  [33. 51.]
  [38. 56.]
  [ 0.  0.]]

 [[ 0. 18.]
  [ 0. 18.]
  [ 0. 18.]
  ...
  [66. 84.]
  [30. 48.]
  [ 0.  0.]]

 [[ 0.  0.]
  [ 0.  0.]
  [ 0.  0.]
  ...
  [ 0.  0.]
  [ 0.  0.]
  [ 0.  0.]]]
2023-10-28 01:29:49,244 - __main__ - INFO - labels:[[1 1 1 ... 1 1 1]
 [1 1 1 ... 1 1 1]
 [1 1 1 ... 1 1 1]
 ...
 [1 1 1 ... 1 1 1]
 [1 1 1 ... 1 1 1]
 [1 1 1 ... 1 1 1]]
2023-10-28 01:29:49,248 - __main__ - INFO - pairwise_cost:[[  0. 200.]
 [200.   0.]]
2023-10-28 01:30:11,990 - __main__ - INFO - unary_cost:[[[56. 74.]
  [44. 62.]
  [37. 55.]
  ...
  [ 0. 18.]
  [ 0. 18.]
  [ 0.  0.]]

 [[11. 29.]
  [ 6. 24.]
  [ 2. 20.]
  ...
  [ 0. 18.]
  [ 0. 18.]
  [ 0.  0.]]

 [[ 0. 18.]
  [ 4. 22.]
  [ 7. 25.]
  ...
  [ 0. 18.]
  [ 0. 18.]
  [ 0.  0.]]

 ...

 [[ 0. 18.]
  [ 0. 18.]
  [ 0. 18.]
  ...
  [33. 51.]
  [38. 56.]
  [ 0.  0.]]

 [[ 0. 18.]
  [ 0. 18.]
  [ 0. 18.]
  ...
  [66. 84.]
  [30. 48.]
  [ 0.  0.]]

 [[ 0.  0.]
  [ 0.  0.]
  [ 0.  0.]
  ...
  [ 0.  0.]
  [ 0.  0.]
  [ 0.  0.]]]
2023-10-28 01:30:12,816 - __main__ - INFO - labels:[[0 0 0 ... 0 0 0]
 [0 0 0 ... 0 0 0]
 [0 0 0 ... 0 0 0]
 ...
 [0 0 0 ... 0 0 0]
 [0 0 0 ... 0 0 0]
 [0 0 0 ... 0 0 0]]
2023-10-28 01:30:12,818 - __main__ - INFO - pairwise_cost:[[ 0. 10.]
 [10.  0.]]
2023-10-28 01:31:15,930 - __main__ - INFO - unary_cost:[[[56 74]
  [44 62]
  [37 55]
  ...
  [ 0 18]
  [ 0 18]
  [ 0  0]]

 [[11 29]
  [ 6 24]
  [ 2 20]
  ...
  [ 0 18]
  [ 0 18]
  [ 0  0]]

 [[ 0 18]
  [ 4 22]
  [ 7 25]
  ...
  [ 0 18]
  [ 0 18]
  [ 0  0]]

 ...

 [[ 0 18]
  [ 0 18]
  [ 0 18]
  ...
  [33 51]
  [38 56]
  [ 0  0]]

 [[ 0 18]
  [ 0 18]
  [ 0 18]
  ...
  [66 84]
  [30 48]
  [ 0  0]]

 [[ 0  0]
  [ 0  0]
  [ 0  0]
  ...
  [ 0  0]
  [ 0  0]
  [ 0  0]]]
2023-10-28 01:31:16,760 - __main__ - INFO - labels:[[0 0 0 ... 0 0 0]
 [0 0 0 ... 0 0 0]
 [0 0 0 ... 0 0 0]
 ...
 [0 0 0 ... 0 0 0]
 [0 0 0 ... 0 0 0]
 [0 0 0 ... 0 0 0]]
2023-10-28 01:31:16,764 - __main__ - INFO - pairwise_cost:[[ 0. 10.]
 [10.  0.]]
2023-10-28 01:33:18,302 - __main__ - INFO - unary_cost:[[[56 74]
  [44 62]
  [37 55]
  ...
  [ 0 18]
  [ 0 18]
  [ 0  0]]

 [[11 29]
  [ 6 24]
  [ 2 20]
  ...
  [ 0 18]
  [ 0 18]
  [ 0  0]]

 [[ 0 18]
  [ 4 22]
  [ 7 25]
  ...
  [ 0 18]
  [ 0 18]
  [ 0  0]]

 ...

 [[ 0 18]
  [ 0 18]
  [ 0 18]
  ...
  [33 51]
  [38 56]
  [ 0  0]]

 [[ 0 18]
  [ 0 18]
  [ 0 18]
  ...
  [66 84]
  [30 48]
  [ 0  0]]

 [[ 0  0]
  [ 0  0]
  [ 0  0]
  ...
  [ 0  0]
  [ 0  0]
  [ 0  0]]]
2023-10-28 01:33:19,137 - __main__ - INFO - labels:[[0 0 0 ... 0 0 0]
 [0 0 0 ... 0 0 0]
 [0 0 0 ... 0 0 0]
 ...
 [0 0 0 ... 0 0 0]
 [0 0 0 ... 0 0 0]
 [0 0 0 ... 0 0 0]]
2023-10-28 01:33:19,141 - __main__ - INFO - pairwise_cost:[[ 0. 10.]
 [10.  0.]]
2023-10-28 01:44:30,852 - __main__ - INFO - unary_cost:[[[1 1]
  [1 1]
  [1 1]
  ...
  [1 1]
  [1 1]
  [0 0]]

 [[1 1]
  [1 1]
  [1 1]
  ...
  [1 1]
  [1 1]
  [0 0]]

 [[1 1]
  [1 1]
  [1 1]
  ...
  [1 1]
  [1 1]
  [0 0]]

 ...

 [[1 1]
  [1 1]
  [1 1]
  ...
  [1 1]
  [1 1]
  [0 0]]

 [[1 1]
  [1 1]
  [1 1]
  ...
  [1 1]
  [1 1]
  [0 0]]

 [[0 0]
  [0 0]
  [0 0]
  ...
  [0 0]
  [0 0]
  [0 0]]]
2023-10-28 01:44:31,603 - __main__ - INFO - labels:[[0 0 0 ... 0 0 0]
 [0 0 0 ... 0 0 0]
 [0 0 0 ... 0 0 0]
 ...
 [0 0 0 ... 0 0 0]
 [0 0 0 ... 0 0 0]
 [0 0 0 ... 0 0 0]]
2023-10-28 01:44:31,605 - __main__ - INFO - pairwise_cost:[[0. 1.]
 [1. 0.]]
2023-10-28 01:45:26,113 - __main__ - INFO - unary_cost:[[[1 1]
  [1 1]
  [1 1]
  ...
  [1 1]
  [1 1]
  [0 0]]

 [[1 1]
  [1 1]
  [1 1]
  ...
  [1 1]
  [1 1]
  [0 0]]

 [[1 1]
  [1 1]
  [1 1]
  ...
  [1 1]
  [1 1]
  [0 0]]

 ...

 [[1 1]
  [1 1]
  [1 1]
  ...
  [1 1]
  [1 1]
  [0 0]]

 [[1 1]
  [1 1]
  [1 1]
  ...
  [1 1]
  [1 1]
  [0 0]]

 [[0 0]
  [0 0]
  [0 0]
  ...
  [0 0]
  [0 0]
  [0 0]]]
2023-10-28 01:45:26,913 - __main__ - INFO - labels:[[0 0 0 ... 0 0 0]
 [0 0 0 ... 0 0 0]
 [0 0 0 ... 0 0 0]
 ...
 [0 0 0 ... 0 0 0]
 [0 0 0 ... 0 0 0]
 [0 0 0 ... 0 0 0]]
2023-10-28 01:45:26,917 - __main__ - INFO - pairwise_cost:[[0. 1.]
 [1. 0.]]
2023-10-28 01:46:11,635 - __main__ - INFO - unary_cost:[[[1 1]
  [1 1]
  [1 1]
  ...
  [1 1]
  [1 1]
  [0 0]]

 [[1 1]
  [1 1]
  [1 1]
  ...
  [1 1]
  [1 1]
  [0 0]]

 [[1 1]
  [1 1]
  [1 1]
  ...
  [1 1]
  [1 1]
  [0 0]]

 ...

 [[1 1]
  [1 1]
  [1 1]
  ...
  [1 1]
  [1 1]
  [0 0]]

 [[1 1]
  [1 1]
  [1 1]
  ...
  [1 1]
  [1 1]
  [0 0]]

 [[0 0]
  [0 0]
  [0 0]
  ...
  [0 0]
  [0 0]
  [0 0]]]
2023-10-28 01:46:12,352 - __main__ - INFO - labels:[[0 0 0 ... 0 0 0]
 [0 0 0 ... 0 0 0]
 [0 0 0 ... 0 0 0]
 ...
 [0 0 0 ... 0 0 0]
 [0 0 0 ... 0 0 0]
 [0 0 0 ... 0 0 0]]
2023-10-28 01:46:12,357 - __main__ - INFO - pairwise_cost:[[0. 1.]
 [1. 0.]]
2023-10-28 01:46:31,555 - __main__ - INFO - unary_cost:[[[1 1]
  [1 1]
  [1 1]
  ...
  [1 1]
  [1 1]
  [0 0]]

 [[1 1]
  [1 1]
  [1 1]
  ...
  [1 1]
  [1 1]
  [0 0]]

 [[1 1]
  [1 1]
  [1 1]
  ...
  [1 1]
  [1 1]
  [0 0]]

 ...

 [[1 1]
  [1 1]
  [1 1]
  ...
  [1 1]
  [1 1]
  [0 0]]

 [[1 1]
  [1 1]
  [1 1]
  ...
  [1 1]
  [1 1]
  [0 0]]

 [[0 0]
  [0 0]
  [0 0]
  ...
  [0 0]
  [0 0]
  [0 0]]]
2023-10-28 01:46:32,327 - __main__ - INFO - labels:[[0 0 0 ... 0 0 0]
 [0 0 0 ... 0 0 0]
 [0 0 0 ... 0 0 0]
 ...
 [0 0 0 ... 0 0 0]
 [0 0 0 ... 0 0 0]
 [0 0 0 ... 0 0 0]]
2023-10-28 01:46:32,331 - __main__ - INFO - pairwise_cost:[[0. 1.]
 [1. 0.]]
2023-10-28 01:47:22,180 - __main__ - INFO - unary_cost:[[[1 1]
  [1 1]
  [1 1]
  ...
  [1 1]
  [1 1]
  [0 0]]

 [[1 1]
  [1 1]
  [1 1]
  ...
  [1 1]
  [1 1]
  [0 0]]

 [[1 1]
  [1 1]
  [1 1]
  ...
  [1 1]
  [1 1]
  [0 0]]

 ...

 [[1 1]
  [1 1]
  [1 1]
  ...
  [1 1]
  [1 1]
  [0 0]]

 [[1 1]
  [1 1]
  [1 1]
  ...
  [1 1]
  [1 1]
  [0 0]]

 [[0 0]
  [0 0]
  [0 0]
  ...
  [0 0]
  [0 0]
  [0 0]]]
2023-10-28 01:47:22,978 - __main__ - INFO - labels:[[0 0 0 ... 0 0 0]
 [0 0 0 ... 0 0 0]
 [0 0 0 ... 0 0 0]
 ...
 [0 0 0 ... 0 0 0]
 [0 0 0 ... 0 0 0]
 [0 0 0 ... 0 0 0]]
2023-10-28 01:47:22,984 - __main__ - INFO - pairwise_cost:[[0. 1.]
 [1. 0.]]
2023-10-28 01:48:18,347 - __main__ - INFO - unary_cost:[[[2 2]
  [2 2]
  [2 2]
  ...
  [2 2]
  [2 2]
  [0 0]]

 [[2 2]
  [2 2]
  [2 2]
  ...
  [2 2]
  [2 2]
  [0 0]]

 [[2 2]
  [2 2]
  [2 2]
  ...
  [2 2]
  [2 2]
  [0 0]]

 ...

 [[2 2]
  [2 2]
  [2 2]
  ...
  [2 2]
  [2 2]
  [0 0]]

 [[2 2]
  [2 2]
  [2 2]
  ...
  [2 2]
  [2 2]
  [0 0]]

 [[0 0]
  [0 0]
  [0 0]
  ...
  [0 0]
  [0 0]
  [0 0]]]
2023-10-28 01:48:19,171 - __main__ - INFO - labels:[[0 0 0 ... 0 0 0]
 [0 0 0 ... 0 0 0]
 [0 0 0 ... 0 0 0]
 ...
 [0 0 0 ... 0 0 0]
 [0 0 0 ... 0 0 0]
 [0 0 0 ... 0 0 0]]
2023-10-28 01:48:19,179 - __main__ - INFO - pairwise_cost:[[0. 1.]
 [1. 0.]]
2023-10-28 01:48:40,959 - __main__ - INFO - unary_cost:[[[2.22091503 2.29281046]
  [2.17124183 2.24313725]
  [2.14379085 2.21568627]
  ...
  [2.         2.07189542]
  [2.         2.07189542]
  [0.         0.        ]]

 [[2.04313725 2.11503268]
  [2.0248366  2.09673203]
  [2.00653595 2.07843137]
  ...
  [2.         2.07189542]
  [2.         2.07189542]
  [0.         0.        ]]

 [[2.00130719 2.07320261]
  [2.01699346 2.08888889]
  [2.02614379 2.09803922]
  ...
  [2.         2.07189542]
  [2.         2.07189542]
  [0.         0.        ]]

 ...

 [[2.00130719 2.07320261]
  [2.00130719 2.07320261]
  [2.00130719 2.07320261]
  ...
  [2.12941176 2.20130719]
  [2.1503268  2.22222222]
  [0.         0.        ]]

 [[2.00130719 2.07320261]
  [2.00130719 2.07320261]
  [2.00130719 2.07320261]
  ...
  [2.25751634 2.32941176]
  [2.11764706 2.18954248]
  [0.         0.        ]]

 [[0.         0.        ]
  [0.         0.        ]
  [0.         0.        ]
  ...
  [0.         0.        ]
  [0.         0.        ]
  [0.         0.        ]]]
2023-10-28 01:48:42,375 - __main__ - INFO - labels:[[1 1 1 ... 1 1 1]
 [1 1 1 ... 1 1 1]
 [1 1 1 ... 1 1 1]
 ...
 [1 1 1 ... 1 1 1]
 [1 1 1 ... 1 1 1]
 [1 1 1 ... 1 1 1]]
2023-10-28 01:48:42,378 - __main__ - INFO - pairwise_cost:[[0. 1.]
 [1. 0.]]
2023-10-28 01:49:19,076 - __main__ - INFO - unary_cost:[[[2.22091503 2.29281046]
  [2.17124183 2.24313725]
  [2.14379085 2.21568627]
  ...
  [2.         2.07189542]
  [2.         2.07189542]
  [0.         0.        ]]

 [[2.04313725 2.11503268]
  [2.0248366  2.09673203]
  [2.00653595 2.07843137]
  ...
  [2.         2.07189542]
  [2.         2.07189542]
  [0.         0.        ]]

 [[2.00130719 2.07320261]
  [2.01699346 2.08888889]
  [2.02614379 2.09803922]
  ...
  [2.         2.07189542]
  [2.         2.07189542]
  [0.         0.        ]]

 ...

 [[2.00130719 2.07320261]
  [2.00130719 2.07320261]
  [2.00130719 2.07320261]
  ...
  [2.12941176 2.20130719]
  [2.1503268  2.22222222]
  [0.         0.        ]]

 [[2.00130719 2.07320261]
  [2.00130719 2.07320261]
  [2.00130719 2.07320261]
  ...
  [2.25751634 2.32941176]
  [2.11764706 2.18954248]
  [0.         0.        ]]

 [[0.         0.        ]
  [0.         0.        ]
  [0.         0.        ]
  ...
  [0.         0.        ]
  [0.         0.        ]
  [0.         0.        ]]]
2023-10-28 01:49:20,488 - __main__ - INFO - labels:[[1 1 1 ... 1 1 1]
 [1 1 1 ... 1 1 1]
 [1 1 1 ... 1 1 1]
 ...
 [1 1 1 ... 1 1 1]
 [1 1 1 ... 1 1 1]
 [1 1 1 ... 1 1 1]]
2023-10-28 01:49:20,492 - __main__ - INFO - pairwise_cost:[[0. 1.]
 [1. 0.]]
2023-10-28 01:50:23,467 - __main__ - INFO - unary_cost:[[[0.22091503 0.29281046]
  [0.17124183 0.24313725]
  [0.14379085 0.21568627]
  ...
  [0.         0.07189542]
  [0.         0.07189542]
  [0.         0.        ]]

 [[0.04313725 0.11503268]
  [0.0248366  0.09673203]
  [0.00653595 0.07843137]
  ...
  [0.         0.07189542]
  [0.         0.07189542]
  [0.         0.        ]]

 [[0.00130719 0.07320261]
  [0.01699346 0.08888889]
  [0.02614379 0.09803922]
  ...
  [0.         0.07189542]
  [0.         0.07189542]
  [0.         0.        ]]

 ...

 [[0.00130719 0.07320261]
  [0.00130719 0.07320261]
  [0.00130719 0.07320261]
  ...
  [0.12941176 0.20130719]
  [0.1503268  0.22222222]
  [0.         0.        ]]

 [[0.00130719 0.07320261]
  [0.00130719 0.07320261]
  [0.00130719 0.07320261]
  ...
  [0.25751634 0.32941176]
  [0.11764706 0.18954248]
  [0.         0.        ]]

 [[0.         0.        ]
  [0.         0.        ]
  [0.         0.        ]
  ...
  [0.         0.        ]
  [0.         0.        ]
  [0.         0.        ]]]
2023-10-28 01:50:24,910 - __main__ - INFO - labels:[[1 1 1 ... 1 1 1]
 [1 1 1 ... 1 1 1]
 [1 1 1 ... 1 1 1]
 ...
 [1 1 1 ... 1 1 1]
 [1 1 1 ... 1 1 1]
 [1 1 1 ... 1 1 1]]
2023-10-28 01:50:24,913 - __main__ - INFO - pairwise_cost:[[0. 1.]
 [1. 0.]]
2023-10-28 19:30:44,748 - __main__ - INFO - unary_cost:[[[0.22091503 0.29281046]
  [0.17124183 0.24313725]
  [0.14379085 0.21568627]
  ...
  [0.         0.07189542]
  [0.         0.07189542]
  [0.         0.07189542]]

 [[0.04313725 0.11503268]
  [0.0248366  0.09673203]
  [0.00653595 0.07843137]
  ...
  [0.         0.07189542]
  [0.         0.07189542]
  [0.         0.07189542]]

 [[0.00130719 0.07320261]
  [0.01699346 0.08888889]
  [0.02614379 0.09803922]
  ...
  [0.         0.07189542]
  [0.         0.07189542]
  [0.         0.07189542]]

 ...

 [[0.00130719 0.07320261]
  [0.00130719 0.07320261]
  [0.00130719 0.07320261]
  ...
  [0.12941176 0.20130719]
  [0.1503268  0.22222222]
  [0.12810458 0.2       ]]

 [[0.00130719 0.07320261]
  [0.00130719 0.07320261]
  [0.00130719 0.07320261]
  ...
  [0.25751634 0.32941176]
  [0.11764706 0.18954248]
  [0.15947712 0.23137255]]

 [[0.00784314 0.07973856]
  [0.00784314 0.07973856]
  [0.00784314 0.07973856]
  ...
  [0.03660131 0.10849673]
  [0.01437908 0.08627451]
  [0.13202614 0.20392157]]]
2023-10-28 19:30:46,305 - __main__ - INFO - labels:[[1 1 1 ... 1 1 1]
 [1 1 1 ... 1 1 1]
 [1 1 1 ... 1 1 1]
 ...
 [1 1 1 ... 1 1 1]
 [1 1 1 ... 1 1 1]
 [1 1 1 ... 1 1 1]]
2023-10-28 19:30:46,309 - __main__ - INFO - pairwise_cost:[[0. 1.]
 [1. 0.]]
